Using pre-set license
Built from '2020.2/release' branch; Version is '2020.2.2f1 (068178b99f32) revision 426360'; Using compiler version '192528614'; Build Type 'Release'
OS: 'Windows 10 Pro; OS build 18363.1316; Version 1909; 64bit' Language: 'en' Physical Memory: 16237 MB
BatchMode: 1, IsHumanControllingUs: 0, StartBugReporterOnCrash: 0, Is64bit: 1, IsPro: 0

 COMMAND LINE ARGUMENTS:
C:\Program Files\Unity\Hub\Editor\2020.2.2f1\Editor\Unity.exe
-adb2
-batchMode
-noUpm
-name
AssetImportWorker0
-projectPath
C:/_github/Amaze/AmazeZero
-logFile
Logs/AssetImportWorker0.log
-srvPort
51074
Successfully changed project path to: C:/_github/Amaze/AmazeZero
C:/_github/Amaze/AmazeZero
Using Asset Import Pipeline V2.
Refreshing native plugins compatible for Editor in 33.43 ms, found 1 plugins.
Preloading 0 native plugins for Editor in 0.00 ms.
Initialize engine version: 2020.2.2f1 (068178b99f32)
[Subsystems] Discovering subsystems at path C:/Program Files/Unity/Hub/Editor/2020.2.2f1/Editor/Data/Resources/UnitySubsystems
[Subsystems] Discovering subsystems at path C:/_github/Amaze/AmazeZero/Assets
GfxDevice: creating device client; threaded=0
Direct3D:
    Version:  Direct3D 11.0 [level 11.1]
    Renderer: NVIDIA GeForce GTX 1050 (ID=0x1c8d)
    Vendor:   
    VRAM:     4029 MB
    Driver:   23.21.13.8904
Initialize mono
Mono path[0] = 'C:/Program Files/Unity/Hub/Editor/2020.2.2f1/Editor/Data/Managed'
Mono path[1] = 'C:/Program Files/Unity/Hub/Editor/2020.2.2f1/Editor/Data/MonoBleedingEdge/lib/mono/unityjit'
Mono config path = 'C:/Program Files/Unity/Hub/Editor/2020.2.2f1/Editor/Data/MonoBleedingEdge/etc'
Using monoOptions --debugger-agent=transport=dt_socket,embedding=1,server=y,suspend=n,address=127.0.0.1:56204
Begin MonoManager ReloadAssembly
Registering precompiled unity dll's ...
Register platform support module: C:/Program Files/Unity/Hub/Editor/2020.2.2f1/Editor/Data/PlaybackEngines/WindowsStandaloneSupport/UnityEditor.WindowsStandalone.Extensions.dll
Register platform support module: C:/Program Files/Unity/Hub/Editor/2020.2.2f1/Editor/Data/PlaybackEngines/LinuxStandaloneSupport/UnityEditor.LinuxStandalone.Extensions.dll
Registered in 0.002179 seconds.
Native extension for LinuxStandalone target not found
Native extension for WindowsStandalone target not found
Refreshing native plugins compatible for Editor in 32.23 ms, found 1 plugins.
Preloading 0 native plugins for Editor in 0.00 ms.
Invoked RoslynAnalysisRunner static constructor.
RoslynAnalysisRunner will not be running.
RoslynAnalysisRunner has terminated.
Mono: successfully reloaded assembly
- Completed reload, in  1.160 seconds
Platform modules already initialized, skipping
Registering precompiled user dll's ...
Registered in 0.000918 seconds.
Begin MonoManager ReloadAssembly
Native extension for LinuxStandalone target not found
Native extension for WindowsStandalone target not found
Refreshing native plugins compatible for Editor in 32.84 ms, found 1 plugins.
Preloading 0 native plugins for Editor in 0.00 ms.
Invoked RoslynAnalysisRunner static constructor.
RoslynAnalysisRunner will not be running.
RoslynAnalysisRunner has terminated.
Mono: successfully reloaded assembly
- Completed reload, in  0.910 seconds
Platform modules already initialized, skipping
========================================================================
Worker process is ready to serve import requests
Launched and connected shader compiler UnityShaderCompiler.exe after 0.04 seconds
Refreshing native plugins compatible for Editor in 0.33 ms, found 1 plugins.
Preloading 0 native plugins for Editor in 0.00 ms.
Unloading 1769 Unused Serialized files (Serialized files now loaded: 0)
System memory in use before: 83.5 MB.
System memory in use after: 83.6 MB.

Unloading 19 unused Assets to reduce memory usage. Loaded Objects now: 2215.
Total: 2.061600 ms (FindLiveObjects: 0.191600 ms CreateObjectMapping: 0.062500 ms MarkObjects: 1.732500 ms  DeleteObjects: 0.073900 ms)

========================================================================
Received Import Request.
  path: Assets/Scenes
  artifactKey: Guid(7422c84777c12eb428504e6a2065fb07) Importer(815301076,1909f56bfc062723c751e8b465ee728b)
Start importing Assets/Scenes using Guid(7422c84777c12eb428504e6a2065fb07) Importer(815301076,1909f56bfc062723c751e8b465ee728b)  -> (artifact id: '539dde5a507f164f1e64de77537419ba') in 0.008759 seconds
  Import took 0.011351 seconds .

========================================================================
Received Import Request.
  Time since last request: 0.000404 seconds.
  path: Assets/Scenes/SampleScene.unity
  artifactKey: Guid(2cda990e2423bbf4892e6590ba056729) Importer(815301076,1909f56bfc062723c751e8b465ee728b)
Start importing Assets/Scenes/SampleScene.unity using Guid(2cda990e2423bbf4892e6590ba056729) Importer(815301076,1909f56bfc062723c751e8b465ee728b)  -> (artifact id: '20cf2f6164f3c5552a13a1f05ad0ba5f') in 0.013423 seconds
  Import took 0.015860 seconds .

========================================================================
Received Import Request.
  Time since last request: 38.662835 seconds.
  path: Assets/Scenes/Proloque.unity
  artifactKey: Guid(fed6a16deadc4f14da15ab239cf74d3c) Importer(815301076,1909f56bfc062723c751e8b465ee728b)
Start importing Assets/Scenes/Proloque.unity using Guid(fed6a16deadc4f14da15ab239cf74d3c) Importer(815301076,1909f56bfc062723c751e8b465ee728b)  -> (artifact id: 'd2c844f65e3e3e714533f861b2e09ff8') in 0.010732 seconds
  Import took 0.013862 seconds .

========================================================================
Received Import Request.
  Time since last request: 0.005512 seconds.
  path: Assets/Scenes/Proloque.unity
  artifactKey: Guid(fed6a16deadc4f14da15ab239cf74d3c) Importer(815301076,1909f56bfc062723c751e8b465ee728b)
Start importing Assets/Scenes/Proloque.unity using Guid(fed6a16deadc4f14da15ab239cf74d3c) Importer(815301076,1909f56bfc062723c751e8b465ee728b)  -> (artifact id: 'd2c844f65e3e3e714533f861b2e09ff8') in 0.005294 seconds
  Import took 0.008342 seconds .

========================================================================
Received Import Request.
  Time since last request: 112.588949 seconds.
  path: Assets
  artifactKey: Guid(00000000000000001000000000000000) Importer(815301076,1909f56bfc062723c751e8b465ee728b)
Start importing Assets using Guid(00000000000000001000000000000000) Importer(815301076,1909f56bfc062723c751e8b465ee728b)  -> (artifact id: '4a6e520b92ccfc61bcfa21a7bcab8468') in 0.006881 seconds
  Import took 0.011637 seconds .

========================================================================
Received Import Request.
  Time since last request: 13.794489 seconds.
  path: Assets/Tilemaps
  artifactKey: Guid(6ac5f3a63b57d4d4dad58ee1e9331dfb) Importer(815301076,1909f56bfc062723c751e8b465ee728b)
Start importing Assets/Tilemaps using Guid(6ac5f3a63b57d4d4dad58ee1e9331dfb) Importer(815301076,1909f56bfc062723c751e8b465ee728b)  -> (artifact id: 'e7d64aa6267762a6c89d6859bcb039ef') in 0.006466 seconds
  Import took 0.011231 seconds .

========================================================================
Received Import Request.
  Time since last request: 0.000444 seconds.
  path: Assets/Tilemaps
  artifactKey: Guid(6ac5f3a63b57d4d4dad58ee1e9331dfb) Importer(815301076,1909f56bfc062723c751e8b465ee728b)
Start importing Assets/Tilemaps using Guid(6ac5f3a63b57d4d4dad58ee1e9331dfb) Importer(815301076,1909f56bfc062723c751e8b465ee728b)  -> (artifact id: 'e7d64aa6267762a6c89d6859bcb039ef') in 0.002534 seconds
  Import took 0.005315 seconds .

========================================================================
Received Import Request.
  Time since last request: 29.982085 seconds.
  path: Assets/Tilemaps/PaletteZero.prefab
  artifactKey: Guid(47badf3a416c42e41b35aeea8d8adb89) Importer(815301076,1909f56bfc062723c751e8b465ee728b)
Start importing Assets/Tilemaps/PaletteZero.prefab using Guid(47badf3a416c42e41b35aeea8d8adb89) Importer(815301076,1909f56bfc062723c751e8b465ee728b)  -> (artifact id: 'c4a7213346fe066f1584ca8dd6d11c09') in 0.053650 seconds
  Import took 0.056619 seconds .

========================================================================
Received Import Request.
  Time since last request: 3149.778552 seconds.
  path: Assets/Tilemaps/TilemapZero-128x128.png
  artifactKey: Guid(d2c75f26541ed8f4a9ac2e98299abb48) Importer(815301076,1909f56bfc062723c751e8b465ee728b)
Start importing Assets/Tilemaps/TilemapZero-128x128.png using Guid(d2c75f26541ed8f4a9ac2e98299abb48) Importer(815301076,1909f56bfc062723c751e8b465ee728b)  -> (artifact id: 'a27ddb0be2dd379fd0c8a4a11a915b87') in 0.078309 seconds
  Import took 0.082359 seconds .

========================================================================
Received Import Request.
  Time since last request: 48.661396 seconds.
  path: Assets/Tilemaps/PaletteZero.prefab
  artifactKey: Guid(47badf3a416c42e41b35aeea8d8adb89) Importer(815301076,1909f56bfc062723c751e8b465ee728b)
Start importing Assets/Tilemaps/PaletteZero.prefab using Guid(47badf3a416c42e41b35aeea8d8adb89) Importer(815301076,1909f56bfc062723c751e8b465ee728b)  -> (artifact id: '0e2e0beb372573b0fdb8930a0fdca357') in 0.041308 seconds
  Import took 0.047025 seconds .

========================================================================
Received Import Request.
  Time since last request: 16.709737 seconds.
  path: Assets/Tilemaps/PaletteZero.prefab
  artifactKey: Guid(47badf3a416c42e41b35aeea8d8adb89) Importer(815301076,1909f56bfc062723c751e8b465ee728b)
Start importing Assets/Tilemaps/PaletteZero.prefab using Guid(47badf3a416c42e41b35aeea8d8adb89) Importer(815301076,1909f56bfc062723c751e8b465ee728b)  -> (artifact id: 'ed332d469b2ca5dd97908b5299e1c279') in 0.016606 seconds
  Import took 0.020135 seconds .

========================================================================
Received Import Request.
  Time since last request: 2.819543 seconds.
  path: Assets/Tilemaps/PaletteZero.prefab
  artifactKey: Guid(47badf3a416c42e41b35aeea8d8adb89) Importer(815301076,1909f56bfc062723c751e8b465ee728b)
Start importing Assets/Tilemaps/PaletteZero.prefab using Guid(47badf3a416c42e41b35aeea8d8adb89) Importer(815301076,1909f56bfc062723c751e8b465ee728b)  -> (artifact id: '585ee156759e9dec78f0259854e47234') in 0.017187 seconds
  Import took 0.020976 seconds .

========================================================================
Received Import Request.
  Time since last request: 56.361656 seconds.
  path: Assets/Tilemaps/PaletteZero.prefab
  artifactKey: Guid(47badf3a416c42e41b35aeea8d8adb89) Importer(815301076,1909f56bfc062723c751e8b465ee728b)
Start importing Assets/Tilemaps/PaletteZero.prefab using Guid(47badf3a416c42e41b35aeea8d8adb89) Importer(815301076,1909f56bfc062723c751e8b465ee728b)  -> (artifact id: 'ed87548191251f80b5d122a372b9e8b9') in 0.017614 seconds
  Import took 0.022935 seconds .

========================================================================
Received Import Request.
  Time since last request: 2.396025 seconds.
  path: Assets/Tilemaps/PaletteZero.prefab
  artifactKey: Guid(47badf3a416c42e41b35aeea8d8adb89) Importer(815301076,1909f56bfc062723c751e8b465ee728b)
Start importing Assets/Tilemaps/PaletteZero.prefab using Guid(47badf3a416c42e41b35aeea8d8adb89) Importer(815301076,1909f56bfc062723c751e8b465ee728b)  -> (artifact id: 'effe0744e065cd2e1dce1517a74d8da4') in 0.006100 seconds
  Import took 0.010678 seconds .

========================================================================
Received Import Request.
  Time since last request: 21.651002 seconds.
  path: Assets/Tilemaps/PaletteZero.prefab
  artifactKey: Guid(47badf3a416c42e41b35aeea8d8adb89) Importer(815301076,1909f56bfc062723c751e8b465ee728b)
Start importing Assets/Tilemaps/PaletteZero.prefab using Guid(47badf3a416c42e41b35aeea8d8adb89) Importer(815301076,1909f56bfc062723c751e8b465ee728b)  -> (artifact id: 'c0fff192012778e813be4ea78c1aac8f') in 0.010212 seconds
  Import took 0.014533 seconds .

========================================================================
Received Import Request.
  Time since last request: 49.966078 seconds.
  path: Assets/Tilemaps/Rectangular Palette.prefab
  artifactKey: Guid(cedbbbfaef49c3e4ca72eba3329cb68c) Importer(815301076,1909f56bfc062723c751e8b465ee728b)
Start importing Assets/Tilemaps/Rectangular Palette.prefab using Guid(cedbbbfaef49c3e4ca72eba3329cb68c) Importer(815301076,1909f56bfc062723c751e8b465ee728b)  -> (artifact id: 'c492d318d826c7db48271c8f7585bd7a') in 0.011125 seconds
  Import took 0.015012 seconds .

========================================================================
Received Import Request.
  Time since last request: 41.381553 seconds.
  path: Assets/Tilemaps/Zero.prefab
  artifactKey: Guid(38e3cc21a4b0a154380ef4da070be696) Importer(815301076,1909f56bfc062723c751e8b465ee728b)
Start importing Assets/Tilemaps/Zero.prefab using Guid(38e3cc21a4b0a154380ef4da070be696) Importer(815301076,1909f56bfc062723c751e8b465ee728b)  -> (artifact id: '731b85ef62643554bad2c875e7e106d8') in 0.012829 seconds
  Import took 0.015904 seconds .

========================================================================
Received Import Request.
  Time since last request: 152.896177 seconds.
  path: Assets/Tilemaps/TilemapZero-128x128.asset
  artifactKey: Guid(6f7b21f64581b984bb2e03f10733fce8) Importer(815301076,1909f56bfc062723c751e8b465ee728b)
Start importing Assets/Tilemaps/TilemapZero-128x128.asset using Guid(6f7b21f64581b984bb2e03f10733fce8) Importer(815301076,1909f56bfc062723c751e8b465ee728b)  -> (artifact id: '711a35203b92011151c80fd496392645') in 0.027166 seconds
  Import took 0.033386 seconds .

========================================================================
Received Import Request.
  Time since last request: 0.000800 seconds.
  path: Assets/Tilemaps/Zero.prefab
  artifactKey: Guid(38e3cc21a4b0a154380ef4da070be696) Importer(815301076,1909f56bfc062723c751e8b465ee728b)
Start importing Assets/Tilemaps/Zero.prefab using Guid(38e3cc21a4b0a154380ef4da070be696) Importer(815301076,1909f56bfc062723c751e8b465ee728b)  -> (artifact id: '6a7cf2259414b9c305939c9a183befb9') in 0.004254 seconds
  Import took 0.007531 seconds .

========================================================================
Received Import Request.
  Time since last request: 188.127095 seconds.
  path: Assets/Tilemaps/Zero.prefab
  artifactKey: Guid(38e3cc21a4b0a154380ef4da070be696) Importer(815301076,1909f56bfc062723c751e8b465ee728b)
Start importing Assets/Tilemaps/Zero.prefab using Guid(38e3cc21a4b0a154380ef4da070be696) Importer(815301076,1909f56bfc062723c751e8b465ee728b)  -> (artifact id: 'faa1d294610d8be0725e840d4e7d76a0') in 0.006308 seconds
  Import took 0.011280 seconds .

========================================================================
Received Import Request.
  Time since last request: 2.470937 seconds.
  path: Assets/Tilemaps/Zero.prefab
  artifactKey: Guid(38e3cc21a4b0a154380ef4da070be696) Importer(815301076,1909f56bfc062723c751e8b465ee728b)
Start importing Assets/Tilemaps/Zero.prefab using Guid(38e3cc21a4b0a154380ef4da070be696) Importer(815301076,1909f56bfc062723c751e8b465ee728b)  -> (artifact id: '67c5e4a36a217c86f4112b6329efe5e7') in 0.009323 seconds
  Import took 0.012998 seconds .

========================================================================
Received Import Request.
  Time since last request: 12.194828 seconds.
  path: Assets/Tilemaps/TilemapZero-128x128.png
  artifactKey: Guid(d2c75f26541ed8f4a9ac2e98299abb48) Importer(815301076,1909f56bfc062723c751e8b465ee728b)
Start importing Assets/Tilemaps/TilemapZero-128x128.png using Guid(d2c75f26541ed8f4a9ac2e98299abb48) Importer(815301076,1909f56bfc062723c751e8b465ee728b)  -> (artifact id: '84430e8150aa05a4ab9a9f403cce7d45') in 0.019444 seconds
  Import took 0.023454 seconds .

========================================================================
Received Import Request.
  Time since last request: 7.923847 seconds.
  path: Assets/Tilemaps/Materials
  artifactKey: Guid(0c80167cff8d40e4f893256054c02c02) Importer(815301076,1909f56bfc062723c751e8b465ee728b)
Start importing Assets/Tilemaps/Materials using Guid(0c80167cff8d40e4f893256054c02c02) Importer(815301076,1909f56bfc062723c751e8b465ee728b)  -> (artifact id: '9dfc948ae1b8736599d3a664f48628ed') in 0.007767 seconds
  Import took 0.011006 seconds .

========================================================================
Received Import Request.
  Time since last request: 0.084353 seconds.
  path: Assets/Tilemaps/Materials/TilemapZero-128x128.mat
  artifactKey: Guid(74fb3ee35d8227949bbe4b6cc3cf3ec6) Importer(815301076,1909f56bfc062723c751e8b465ee728b)
Start importing Assets/Tilemaps/Materials/TilemapZero-128x128.mat using Guid(74fb3ee35d8227949bbe4b6cc3cf3ec6) Importer(815301076,1909f56bfc062723c751e8b465ee728b)  -> (artifact id: 'b99f19de27f626dd13ac0d2e69424b2a') in 0.030361 seconds
  Import took 0.033205 seconds .

========================================================================
Received Import Request.
  Time since last request: 22.688259 seconds.
  path: Assets/Tilemaps/Zero.prefab
  artifactKey: Guid(38e3cc21a4b0a154380ef4da070be696) Importer(815301076,1909f56bfc062723c751e8b465ee728b)
Start importing Assets/Tilemaps/Zero.prefab using Guid(38e3cc21a4b0a154380ef4da070be696) Importer(815301076,1909f56bfc062723c751e8b465ee728b)  -> (artifact id: '0617e8198c4c0cefd8f0112f3e9abdab') in 0.006267 seconds
  Import took 0.011659 seconds .

========================================================================
Received Import Request.
  Time since last request: 41.127432 seconds.
  path: Assets/Tilemaps/TilemapZero-128x128.png
  artifactKey: Guid(d2c75f26541ed8f4a9ac2e98299abb48) Importer(815301076,1909f56bfc062723c751e8b465ee728b)
Start importing Assets/Tilemaps/TilemapZero-128x128.png using Guid(d2c75f26541ed8f4a9ac2e98299abb48) Importer(815301076,1909f56bfc062723c751e8b465ee728b)  -> (artifact id: '59dfd68abcaf3b97100bb71c0de5d089') in 0.116852 seconds
  Import took 0.119882 seconds .

========================================================================
Received Import Request.
  Time since last request: 61.883889 seconds.
  path: Assets/Tilemaps/ZeroPalette.prefab
  artifactKey: Guid(ca46152110240ae4ab0184dac9e5c768) Importer(815301076,1909f56bfc062723c751e8b465ee728b)
Start importing Assets/Tilemaps/ZeroPalette.prefab using Guid(ca46152110240ae4ab0184dac9e5c768) Importer(815301076,1909f56bfc062723c751e8b465ee728b)  -> (artifact id: 'd25c2999d7d165c52fc364af71932893') in 0.012513 seconds
  Import took 0.015535 seconds .

========================================================================
Received Import Request.
  Time since last request: 9.934338 seconds.
  path: Assets/Tilemaps/TilemapZero-128x128_0.asset
  artifactKey: Guid(9144dac28f74d9141a15795a0a5f8c2c) Importer(815301076,1909f56bfc062723c751e8b465ee728b)
Start importing Assets/Tilemaps/TilemapZero-128x128_0.asset using Guid(9144dac28f74d9141a15795a0a5f8c2c) Importer(815301076,1909f56bfc062723c751e8b465ee728b)  -> (artifact id: '48027a4ca41deef44c5b99eb3152919e') in 0.025587 seconds
  Import took 0.029273 seconds .

========================================================================
Received Import Request.
  Time since last request: 0.001091 seconds.
  path: Assets/Tilemaps/TilemapZero-128x128_11.asset
  artifactKey: Guid(3fe211869448af44f818c506b32663a8) Importer(815301076,1909f56bfc062723c751e8b465ee728b)
Start importing Assets/Tilemaps/TilemapZero-128x128_11.asset using Guid(3fe211869448af44f818c506b32663a8) Importer(815301076,1909f56bfc062723c751e8b465ee728b)  -> (artifact id: 'b6995c67e2fa92caf1ff577bdd30ae63') in 0.022704 seconds
  Import took 0.027522 seconds .

========================================================================
Received Import Request.
  Time since last request: 0.000401 seconds.
  path: Assets/Tilemaps/TilemapZero-128x128_8.asset
  artifactKey: Guid(a67bc4584af74f74ab11e5220fcf8331) Importer(815301076,1909f56bfc062723c751e8b465ee728b)
Start importing Assets/Tilemaps/TilemapZero-128x128_8.asset using Guid(a67bc4584af74f74ab11e5220fcf8331) Importer(815301076,1909f56bfc062723c751e8b465ee728b)  -> (artifact id: 'e604167a0583df9128c1e0759b3e8db6') in 0.018793 seconds
  Import took 0.023578 seconds .

========================================================================
Received Import Request.
  Time since last request: 0.000278 seconds.
  path: Assets/Tilemaps/TilemapZero-128x128_14.asset
  artifactKey: Guid(4b6de311165496644b64d377df7a362c) Importer(815301076,1909f56bfc062723c751e8b465ee728b)
Start importing Assets/Tilemaps/TilemapZero-128x128_14.asset using Guid(4b6de311165496644b64d377df7a362c) Importer(815301076,1909f56bfc062723c751e8b465ee728b)  -> (artifact id: 'a4c4c7559dc746955845706dff66c200') in 0.015998 seconds
  Import took 0.020133 seconds .

========================================================================
Received Import Request.
  Time since last request: 0.000310 seconds.
  path: Assets/Tilemaps/TilemapZero-128x128_16.asset
  artifactKey: Guid(6e912101557797d47886580457dee5de) Importer(815301076,1909f56bfc062723c751e8b465ee728b)
Start importing Assets/Tilemaps/TilemapZero-128x128_16.asset using Guid(6e912101557797d47886580457dee5de) Importer(815301076,1909f56bfc062723c751e8b465ee728b)  -> (artifact id: 'd6e35f94490e16fb2f04c747e87e725c') in 0.021816 seconds
  Import took 0.025003 seconds .

========================================================================
Received Import Request.
  Time since last request: 0.000226 seconds.
  path: Assets/Tilemaps/TilemapZero-128x128_9.asset
  artifactKey: Guid(66e65924930bdde4cbdb5086e53af2cd) Importer(815301076,1909f56bfc062723c751e8b465ee728b)
Start importing Assets/Tilemaps/TilemapZero-128x128_9.asset using Guid(66e65924930bdde4cbdb5086e53af2cd) Importer(815301076,1909f56bfc062723c751e8b465ee728b)  -> (artifact id: '05f434f88d719ec957a22018ebe4b934') in 0.014170 seconds
  Import took 0.019044 seconds .

========================================================================
Received Import Request.
  Time since last request: 0.000439 seconds.
  path: Assets/Tilemaps/TilemapZero-128x128_2.asset
  artifactKey: Guid(68be32ab24be1894b9a9163f4e59a3da) Importer(815301076,1909f56bfc062723c751e8b465ee728b)
Start importing Assets/Tilemaps/TilemapZero-128x128_2.asset using Guid(68be32ab24be1894b9a9163f4e59a3da) Importer(815301076,1909f56bfc062723c751e8b465ee728b)  -> (artifact id: '0540ec85a4cc7637a848644bf1bdfea6') in 0.013668 seconds
  Import took 0.016654 seconds .

========================================================================
Received Import Request.
  Time since last request: 0.000279 seconds.
  path: Assets/Tilemaps/TilemapZero-128x128_17.asset
  artifactKey: Guid(92a35652d3a80314ebc25a734fe51f5e) Importer(815301076,1909f56bfc062723c751e8b465ee728b)
Start importing Assets/Tilemaps/TilemapZero-128x128_17.asset using Guid(92a35652d3a80314ebc25a734fe51f5e) Importer(815301076,1909f56bfc062723c751e8b465ee728b)  -> (artifact id: '6319097405dda5c7b72c897d051114b5') in 0.024565 seconds
  Import took 0.027959 seconds .

========================================================================
Received Import Request.
  Time since last request: 0.000231 seconds.
  path: Assets/Tilemaps/TilemapZero-128x128_6.asset
  artifactKey: Guid(660b9f0782dc226439d8521196439a10) Importer(815301076,1909f56bfc062723c751e8b465ee728b)
Start importing Assets/Tilemaps/TilemapZero-128x128_6.asset using Guid(660b9f0782dc226439d8521196439a10) Importer(815301076,1909f56bfc062723c751e8b465ee728b)  -> (artifact id: 'f5cd4d5ac881b63844b668a5b858cd63') in 0.018858 seconds
  Import took 0.022994 seconds .

========================================================================
Received Import Request.
  Time since last request: 0.000408 seconds.
  path: Assets/Tilemaps/TilemapZero-128x128_15.asset
  artifactKey: Guid(b417b4e06d03d374baebe45b3587a176) Importer(815301076,1909f56bfc062723c751e8b465ee728b)
Start importing Assets/Tilemaps/TilemapZero-128x128_15.asset using Guid(b417b4e06d03d374baebe45b3587a176) Importer(815301076,1909f56bfc062723c751e8b465ee728b)  -> (artifact id: '11011d044ee45adf9ecb220265638395') in 0.022780 seconds
  Import took 0.026156 seconds .

========================================================================
Received Import Request.
  Time since last request: 0.000261 seconds.
  path: Assets/Tilemaps/TilemapZero-128x128_19.asset
  artifactKey: Guid(1701c917b48c05343ab90e4e117db3c1) Importer(815301076,1909f56bfc062723c751e8b465ee728b)
Start importing Assets/Tilemaps/TilemapZero-128x128_19.asset using Guid(1701c917b48c05343ab90e4e117db3c1) Importer(815301076,1909f56bfc062723c751e8b465ee728b)  -> (artifact id: '449ae4825c4509a24c7ae6e729783838') in 0.015701 seconds
  Import took 0.018634 seconds .

========================================================================
Received Import Request.
  Time since last request: 0.000289 seconds.
  path: Assets/Tilemaps/TilemapZero-128x128_22.asset
  artifactKey: Guid(b90e9545de602834a84d6902100a97ee) Importer(815301076,1909f56bfc062723c751e8b465ee728b)
Start importing Assets/Tilemaps/TilemapZero-128x128_22.asset using Guid(b90e9545de602834a84d6902100a97ee) Importer(815301076,1909f56bfc062723c751e8b465ee728b)  -> (artifact id: '41bf11f210bd785f34df128726bec726') in 0.017215 seconds
  Import took 0.023816 seconds .

========================================================================
Received Import Request.
  Time since last request: 0.000388 seconds.
  path: Assets/Tilemaps/TilemapZero-128x128_3.asset
  artifactKey: Guid(750995589a401db4493b247c1370bb96) Importer(815301076,1909f56bfc062723c751e8b465ee728b)
Start importing Assets/Tilemaps/TilemapZero-128x128_3.asset using Guid(750995589a401db4493b247c1370bb96) Importer(815301076,1909f56bfc062723c751e8b465ee728b)  -> (artifact id: 'ef31da400a2102cc1e0f25ef51bba62a') in 0.015480 seconds
  Import took 0.018442 seconds .

========================================================================
Received Import Request.
  Time since last request: 0.000320 seconds.
  path: Assets/Tilemaps/TilemapZero-128x128_20.asset
  artifactKey: Guid(1efe2e8beabe0c1439e0f1694a419c72) Importer(815301076,1909f56bfc062723c751e8b465ee728b)
Start importing Assets/Tilemaps/TilemapZero-128x128_20.asset using Guid(1efe2e8beabe0c1439e0f1694a419c72) Importer(815301076,1909f56bfc062723c751e8b465ee728b)  -> (artifact id: 'efa5959527750eee14499c4c1c38466e') in 0.017186 seconds
  Import took 0.020466 seconds .

========================================================================
Received Import Request.
  Time since last request: 0.000278 seconds.
  path: Assets/Tilemaps/TilemapZero-128x128_7.asset
  artifactKey: Guid(f798d2414f9e854469d71f2d176609fd) Importer(815301076,1909f56bfc062723c751e8b465ee728b)
Start importing Assets/Tilemaps/TilemapZero-128x128_7.asset using Guid(f798d2414f9e854469d71f2d176609fd) Importer(815301076,1909f56bfc062723c751e8b465ee728b)  -> (artifact id: '83175bd3466acc5b35a5ed9ed9048319') in 0.017750 seconds
  Import took 0.022410 seconds .

========================================================================
Received Import Request.
  Time since last request: 0.000324 seconds.
  path: Assets/Tilemaps/TilemapZero-128x128_4.asset
  artifactKey: Guid(01d5269d20023734991917c500367202) Importer(815301076,1909f56bfc062723c751e8b465ee728b)
Start importing Assets/Tilemaps/TilemapZero-128x128_4.asset using Guid(01d5269d20023734991917c500367202) Importer(815301076,1909f56bfc062723c751e8b465ee728b)  -> (artifact id: '099dbfb59377a06b1163db8300325343') in 0.015861 seconds
  Import took 0.019434 seconds .

========================================================================
Received Import Request.
  Time since last request: 0.000541 seconds.
  path: Assets/Tilemaps/TilemapZero-128x128_5.asset
  artifactKey: Guid(898447f0afc701045889e5617157af6f) Importer(815301076,1909f56bfc062723c751e8b465ee728b)
Start importing Assets/Tilemaps/TilemapZero-128x128_5.asset using Guid(898447f0afc701045889e5617157af6f) Importer(815301076,1909f56bfc062723c751e8b465ee728b)  -> (artifact id: '45a8a27fead9796b7e503628b689a59d') in 0.021450 seconds
  Import took 0.024660 seconds .

========================================================================
Received Import Request.
  Time since last request: 0.000261 seconds.
  path: Assets/Tilemaps/TilemapZero-128x128_18.asset
  artifactKey: Guid(11c2d41564c57164983ab20f545f79a6) Importer(815301076,1909f56bfc062723c751e8b465ee728b)
Start importing Assets/Tilemaps/TilemapZero-128x128_18.asset using Guid(11c2d41564c57164983ab20f545f79a6) Importer(815301076,1909f56bfc062723c751e8b465ee728b)  -> (artifact id: '5aec1fe2e60d06114b09bb8e5da0c4be') in 0.016899 seconds
  Import took 0.021390 seconds .

========================================================================
Received Import Request.
  Time since last request: 0.000249 seconds.
  path: Assets/Tilemaps/TilemapZero-128x128_12.asset
  artifactKey: Guid(bc4fe48f670ffd3408106a8aabedb350) Importer(815301076,1909f56bfc062723c751e8b465ee728b)
Start importing Assets/Tilemaps/TilemapZero-128x128_12.asset using Guid(bc4fe48f670ffd3408106a8aabedb350) Importer(815301076,1909f56bfc062723c751e8b465ee728b)  -> (artifact id: '96c458ca2a303b8e51135175832c9302') in 0.027417 seconds
  Import took 0.031467 seconds .

========================================================================
Received Import Request.
  Time since last request: 0.000637 seconds.
  path: Assets/Tilemaps/TilemapZero-128x128_21.asset
  artifactKey: Guid(9516ba8f25f057647b968294a75e8738) Importer(815301076,1909f56bfc062723c751e8b465ee728b)
Start importing Assets/Tilemaps/TilemapZero-128x128_21.asset using Guid(9516ba8f25f057647b968294a75e8738) Importer(815301076,1909f56bfc062723c751e8b465ee728b)  -> (artifact id: '0bf8e251aafb4dfa5fe625c8b2b99fe8') in 0.015615 seconds
  Import took 0.018919 seconds .

========================================================================
Received Import Request.
  Time since last request: 0.000198 seconds.
  path: Assets/Tilemaps/TilemapZero-128x128_1.asset
  artifactKey: Guid(07c15f70d46292d4285e7a1c918fc7bb) Importer(815301076,1909f56bfc062723c751e8b465ee728b)
Start importing Assets/Tilemaps/TilemapZero-128x128_1.asset using Guid(07c15f70d46292d4285e7a1c918fc7bb) Importer(815301076,1909f56bfc062723c751e8b465ee728b)  -> (artifact id: 'f927b9246141eb256f4b87d1f07810bf') in 0.022434 seconds
  Import took 0.025298 seconds .

========================================================================
Received Import Request.
  Time since last request: 0.000185 seconds.
  path: Assets/Tilemaps/TilemapZero-128x128_13.asset
  artifactKey: Guid(29eff482750dd294fa8e51e9a3f2d178) Importer(815301076,1909f56bfc062723c751e8b465ee728b)
Start importing Assets/Tilemaps/TilemapZero-128x128_13.asset using Guid(29eff482750dd294fa8e51e9a3f2d178) Importer(815301076,1909f56bfc062723c751e8b465ee728b)  -> (artifact id: 'a1f0ac996cb8f85287073503e3221e8b') in 0.017927 seconds
  Import took 0.022400 seconds .

========================================================================
Received Import Request.
  Time since last request: 0.000283 seconds.
  path: Assets/Tilemaps/TilemapZero-128x128_10.asset
  artifactKey: Guid(29cc04ac6e1144444a4e9438cb6343cc) Importer(815301076,1909f56bfc062723c751e8b465ee728b)
Start importing Assets/Tilemaps/TilemapZero-128x128_10.asset using Guid(29cc04ac6e1144444a4e9438cb6343cc) Importer(815301076,1909f56bfc062723c751e8b465ee728b)  -> (artifact id: '30eb21aa70a703be379945c6349a1dc8') in 0.023643 seconds
  Import took 0.026804 seconds .

========================================================================
Received Prepare
Registering precompiled user dll's ...
Registered in 0.000934 seconds.
Begin MonoManager ReloadAssembly
Native extension for LinuxStandalone target not found
Native extension for WindowsStandalone target not found
Refreshing native plugins compatible for Editor in 0.34 ms, found 1 plugins.
Preloading 0 native plugins for Editor in 0.00 ms.
Invoked RoslynAnalysisRunner static constructor.
RoslynAnalysisRunner will not be running.
RoslynAnalysisRunner has terminated.
Mono: successfully reloaded assembly
- Completed reload, in  0.799 seconds
Platform modules already initialized, skipping
Refreshing native plugins compatible for Editor in 0.34 ms, found 1 plugins.
Preloading 0 native plugins for Editor in 0.00 ms.
Unloading 1760 Unused Serialized files (Serialized files now loaded: 0)
System memory in use before: 86.7 MB.
System memory in use after: 86.8 MB.

Unloading 8 unused Assets to reduce memory usage. Loaded Objects now: 2263.
Total: 2.232200 ms (FindLiveObjects: 0.238700 ms CreateObjectMapping: 0.065000 ms MarkObjects: 1.910400 ms  DeleteObjects: 0.016800 ms)

========================================================================
Received Prepare
Registering precompiled user dll's ...
Registered in 0.000945 seconds.
Begin MonoManager ReloadAssembly
Native extension for LinuxStandalone target not found
Native extension for WindowsStandalone target not found
Refreshing native plugins compatible for Editor in 0.36 ms, found 1 plugins.
Preloading 0 native plugins for Editor in 0.00 ms.
Invoked RoslynAnalysisRunner static constructor.
RoslynAnalysisRunner will not be running.
RoslynAnalysisRunner has terminated.
Mono: successfully reloaded assembly
- Completed reload, in  0.794 seconds
Platform modules already initialized, skipping
Refreshing native plugins compatible for Editor in 0.35 ms, found 1 plugins.
Preloading 0 native plugins for Editor in 0.00 ms.
Unloading 1760 Unused Serialized files (Serialized files now loaded: 0)
System memory in use before: 86.8 MB.
System memory in use after: 86.9 MB.

Unloading 8 unused Assets to reduce memory usage. Loaded Objects now: 2265.
Total: 2.185600 ms (FindLiveObjects: 0.214400 ms CreateObjectMapping: 0.061900 ms MarkObjects: 1.891900 ms  DeleteObjects: 0.016500 ms)

========================================================================
Received Prepare
Registering precompiled user dll's ...
Registered in 0.000946 seconds.
Begin MonoManager ReloadAssembly
Native extension for LinuxStandalone target not found
Native extension for WindowsStandalone target not found
Refreshing native plugins compatible for Editor in 0.36 ms, found 1 plugins.
Preloading 0 native plugins for Editor in 0.00 ms.
Invoked RoslynAnalysisRunner static constructor.
RoslynAnalysisRunner will not be running.
RoslynAnalysisRunner has terminated.
Mono: successfully reloaded assembly
- Completed reload, in  0.794 seconds
Platform modules already initialized, skipping
Refreshing native plugins compatible for Editor in 0.38 ms, found 1 plugins.
Preloading 0 native plugins for Editor in 0.00 ms.
Unloading 1760 Unused Serialized files (Serialized files now loaded: 0)
System memory in use before: 86.9 MB.
System memory in use after: 87.0 MB.

Unloading 8 unused Assets to reduce memory usage. Loaded Objects now: 2267.
Total: 2.130200 ms (FindLiveObjects: 0.259200 ms CreateObjectMapping: 0.069500 ms MarkObjects: 1.785200 ms  DeleteObjects: 0.015100 ms)

========================================================================
Received Prepare
Registering precompiled user dll's ...
Registered in 0.000936 seconds.
Begin MonoManager ReloadAssembly
Native extension for LinuxStandalone target not found
Native extension for WindowsStandalone target not found
Refreshing native plugins compatible for Editor in 0.34 ms, found 1 plugins.
Preloading 0 native plugins for Editor in 0.00 ms.
Invoked RoslynAnalysisRunner static constructor.
RoslynAnalysisRunner will not be running.
RoslynAnalysisRunner has terminated.
Mono: successfully reloaded assembly
- Completed reload, in  0.786 seconds
Platform modules already initialized, skipping
Refreshing native plugins compatible for Editor in 0.36 ms, found 1 plugins.
Preloading 0 native plugins for Editor in 0.00 ms.
Unloading 1760 Unused Serialized files (Serialized files now loaded: 0)
System memory in use before: 87.0 MB.
System memory in use after: 87.1 MB.

Unloading 8 unused Assets to reduce memory usage. Loaded Objects now: 2269.
Total: 2.167200 ms (FindLiveObjects: 0.352600 ms CreateObjectMapping: 0.084600 ms MarkObjects: 1.713000 ms  DeleteObjects: 0.016000 ms)

========================================================================
Received Prepare
Registering precompiled user dll's ...
Registered in 0.001052 seconds.
Begin MonoManager ReloadAssembly
Native extension for LinuxStandalone target not found
Native extension for WindowsStandalone target not found
Refreshing native plugins compatible for Editor in 0.35 ms, found 1 plugins.
Preloading 0 native plugins for Editor in 0.00 ms.
Invoked RoslynAnalysisRunner static constructor.
RoslynAnalysisRunner will not be running.
RoslynAnalysisRunner has terminated.
Mono: successfully reloaded assembly
- Completed reload, in  0.790 seconds
Platform modules already initialized, skipping
Refreshing native plugins compatible for Editor in 0.34 ms, found 1 plugins.
Preloading 0 native plugins for Editor in 0.00 ms.
Unloading 1760 Unused Serialized files (Serialized files now loaded: 0)
System memory in use before: 87.1 MB.
System memory in use after: 87.2 MB.

Unloading 8 unused Assets to reduce memory usage. Loaded Objects now: 2271.
Total: 2.107300 ms (FindLiveObjects: 0.264600 ms CreateObjectMapping: 0.074600 ms MarkObjects: 1.751700 ms  DeleteObjects: 0.015300 ms)

========================================================================
Received Prepare
Registering precompiled user dll's ...
Registered in 0.001008 seconds.
Begin MonoManager ReloadAssembly
Native extension for LinuxStandalone target not found
Native extension for WindowsStandalone target not found
Refreshing native plugins compatible for Editor in 0.40 ms, found 1 plugins.
Preloading 0 native plugins for Editor in 0.00 ms.
Invoked RoslynAnalysisRunner static constructor.
RoslynAnalysisRunner will not be running.
RoslynAnalysisRunner has terminated.
Mono: successfully reloaded assembly
- Completed reload, in  0.889 seconds
Platform modules already initialized, skipping
Refreshing native plugins compatible for Editor in 0.34 ms, found 1 plugins.
Preloading 0 native plugins for Editor in 0.00 ms.
Unloading 1760 Unused Serialized files (Serialized files now loaded: 0)
System memory in use before: 87.2 MB.
System memory in use after: 87.3 MB.

Unloading 8 unused Assets to reduce memory usage. Loaded Objects now: 2273.
Total: 2.277900 ms (FindLiveObjects: 0.237000 ms CreateObjectMapping: 0.059800 ms MarkObjects: 1.964600 ms  DeleteObjects: 0.015700 ms)

========================================================================
Received Prepare
Registering precompiled user dll's ...
Registered in 0.000909 seconds.
Begin MonoManager ReloadAssembly
Native extension for LinuxStandalone target not found
Native extension for WindowsStandalone target not found
Refreshing native plugins compatible for Editor in 0.34 ms, found 1 plugins.
Preloading 0 native plugins for Editor in 0.00 ms.
Invoked RoslynAnalysisRunner static constructor.
RoslynAnalysisRunner will not be running.
RoslynAnalysisRunner has terminated.
Mono: successfully reloaded assembly
- Completed reload, in  0.809 seconds
Platform modules already initialized, skipping
Refreshing native plugins compatible for Editor in 0.35 ms, found 1 plugins.
Preloading 0 native plugins for Editor in 0.00 ms.
Unloading 1761 Unused Serialized files (Serialized files now loaded: 0)
System memory in use before: 87.3 MB.
System memory in use after: 87.4 MB.

Unloading 8 unused Assets to reduce memory usage. Loaded Objects now: 2276.
Total: 2.051400 ms (FindLiveObjects: 0.193200 ms CreateObjectMapping: 0.052400 ms MarkObjects: 1.790400 ms  DeleteObjects: 0.014400 ms)

========================================================================
Received Import Request.
  Time since last request: 13820.963520 seconds.
  path: Assets/Movement.cs
  artifactKey: Guid(5881cddfbf1cc524e8986df99e3b28ab) Importer(815301076,1909f56bfc062723c751e8b465ee728b)
Start importing Assets/Movement.cs using Guid(5881cddfbf1cc524e8986df99e3b28ab) Importer(815301076,1909f56bfc062723c751e8b465ee728b)  -> (artifact id: '09733cea37d06a13bfffd798dee1530e') in 0.022775 seconds
  Import took 0.027006 seconds .

========================================================================
Received Import Request.
  Time since last request: 129.114061 seconds.
  path: Assets/Player.cs
  artifactKey: Guid(5881cddfbf1cc524e8986df99e3b28ab) Importer(815301076,1909f56bfc062723c751e8b465ee728b)
Start importing Assets/Player.cs using Guid(5881cddfbf1cc524e8986df99e3b28ab) Importer(815301076,1909f56bfc062723c751e8b465ee728b)  -> (artifact id: 'd58a48d06a9349a5392cf85ba07bb797') in 0.007664 seconds
  Import took 0.012335 seconds .

========================================================================
Received Prepare
Registering precompiled user dll's ...
Registered in 0.001117 seconds.
Begin MonoManager ReloadAssembly
Native extension for LinuxStandalone target not found
Native extension for WindowsStandalone target not found
Refreshing native plugins compatible for Editor in 0.36 ms, found 1 plugins.
Preloading 0 native plugins for Editor in 0.00 ms.
Invoked RoslynAnalysisRunner static constructor.
RoslynAnalysisRunner will not be running.
RoslynAnalysisRunner has terminated.
Mono: successfully reloaded assembly
- Completed reload, in  1.119 seconds
Platform modules already initialized, skipping
Refreshing native plugins compatible for Editor in 0.34 ms, found 1 plugins.
Preloading 0 native plugins for Editor in 0.00 ms.
Unloading 1761 Unused Serialized files (Serialized files now loaded: 0)
System memory in use before: 87.4 MB.
System memory in use after: 87.5 MB.

Unloading 8 unused Assets to reduce memory usage. Loaded Objects now: 2278.
Total: 2.299600 ms (FindLiveObjects: 0.198900 ms CreateObjectMapping: 0.064500 ms MarkObjects: 2.018000 ms  DeleteObjects: 0.016900 ms)

========================================================================
Received Prepare
Registering precompiled user dll's ...
Registered in 0.001124 seconds.
Begin MonoManager ReloadAssembly
Native extension for LinuxStandalone target not found
Native extension for WindowsStandalone target not found
Refreshing native plugins compatible for Editor in 0.35 ms, found 1 plugins.
Preloading 0 native plugins for Editor in 0.00 ms.
Invoked RoslynAnalysisRunner static constructor.
RoslynAnalysisRunner will not be running.
RoslynAnalysisRunner has terminated.
Mono: successfully reloaded assembly
- Completed reload, in  0.842 seconds
Platform modules already initialized, skipping
Refreshing native plugins compatible for Editor in 0.33 ms, found 1 plugins.
Preloading 0 native plugins for Editor in 0.00 ms.
Unloading 1761 Unused Serialized files (Serialized files now loaded: 0)
System memory in use before: 87.5 MB.
System memory in use after: 87.6 MB.

Unloading 8 unused Assets to reduce memory usage. Loaded Objects now: 2280.
Total: 1.981500 ms (FindLiveObjects: 0.223500 ms CreateObjectMapping: 0.070800 ms MarkObjects: 1.667800 ms  DeleteObjects: 0.018200 ms)

========================================================================
Received Import Request.
  Time since last request: 641.934966 seconds.
  path: Assets/Player.cs
  artifactKey: Guid(5881cddfbf1cc524e8986df99e3b28ab) Importer(815301076,1909f56bfc062723c751e8b465ee728b)
Start importing Assets/Player.cs using Guid(5881cddfbf1cc524e8986df99e3b28ab) Importer(815301076,1909f56bfc062723c751e8b465ee728b)  -> (artifact id: 'c54aec7b7088d894a8b72df120803b7d') in 0.004711 seconds
  Import took 0.007457 seconds .

========================================================================
Received Prepare
Registering precompiled user dll's ...
Registered in 0.001075 seconds.
Begin MonoManager ReloadAssembly
Native extension for LinuxStandalone target not found
Native extension for WindowsStandalone target not found
Refreshing native plugins compatible for Editor in 0.38 ms, found 1 plugins.
Preloading 0 native plugins for Editor in 0.00 ms.
Invoked RoslynAnalysisRunner static constructor.
RoslynAnalysisRunner will not be running.
RoslynAnalysisRunner has terminated.
Mono: successfully reloaded assembly
- Completed reload, in  1.088 seconds
Platform modules already initialized, skipping
Refreshing native plugins compatible for Editor in 0.52 ms, found 1 plugins.
Preloading 0 native plugins for Editor in 0.00 ms.
Unloading 1763 Unused Serialized files (Serialized files now loaded: 0)
System memory in use before: 87.6 MB.
System memory in use after: 87.7 MB.

Unloading 8 unused Assets to reduce memory usage. Loaded Objects now: 2285.
Total: 2.325000 ms (FindLiveObjects: 0.235900 ms CreateObjectMapping: 0.071800 ms MarkObjects: 1.996300 ms  DeleteObjects: 0.019500 ms)

========================================================================
Received Prepare
Registering precompiled user dll's ...
Registered in 0.001239 seconds.
Begin MonoManager ReloadAssembly
Native extension for LinuxStandalone target not found
Native extension for WindowsStandalone target not found
Refreshing native plugins compatible for Editor in 0.35 ms, found 1 plugins.
Preloading 0 native plugins for Editor in 0.00 ms.
Invoked RoslynAnalysisRunner static constructor.
RoslynAnalysisRunner will not be running.
RoslynAnalysisRunner has terminated.
Mono: successfully reloaded assembly
- Completed reload, in  0.903 seconds
Platform modules already initialized, skipping
Refreshing native plugins compatible for Editor in 0.34 ms, found 1 plugins.
Preloading 0 native plugins for Editor in 0.00 ms.
Unloading 1763 Unused Serialized files (Serialized files now loaded: 0)
System memory in use before: 87.7 MB.
System memory in use after: 87.8 MB.

Unloading 8 unused Assets to reduce memory usage. Loaded Objects now: 2287.
Total: 2.291900 ms (FindLiveObjects: 0.231500 ms CreateObjectMapping: 0.073700 ms MarkObjects: 1.967300 ms  DeleteObjects: 0.018400 ms)

AssetImportWorkerClient::OnTransportError - code=2 error=End of file
